<?xml version="1.0" encoding="UTF-8"?>
<testng-results skipped="0" failed="0" total="1" passed="1">
  <reporter-output>
  </reporter-output>
  <suite name="Default suite" duration-ms="85114" started-at="2016-05-22T22:16:31Z" finished-at="2016-05-22T22:17:56Z">
    <groups>
    </groups>
    <test name="Default test" duration-ms="85114" started-at="2016-05-22T22:16:31Z" finished-at="2016-05-22T22:17:56Z">
      <class name="TestPage.TestPage">
        <test-method status="PASS" signature="setUp()[pri:0, instance:TestPage.TestPage@4cdbe50f]" name="setUp" is-config="true" duration-ms="5730" started-at="2016-05-22T18:16:31Z" finished-at="2016-05-22T18:16:36Z">
          <reporter-output>
          </reporter-output>
        </test-method> <!-- setUp -->
        <test-method status="PASS" signature="NewTest()[pri:0, instance:TestPage.TestPage@4cdbe50f]" name="NewTest" duration-ms="78992" started-at="2016-05-22T18:16:36Z" finished-at="2016-05-22T18:17:55Z">
          <reporter-output>
          </reporter-output>
        </test-method> <!-- NewTest -->
        <test-method status="PASS" signature="afterMethod()[pri:0, instance:TestPage.TestPage@4cdbe50f]" name="afterMethod" is-config="true" duration-ms="380" started-at="2016-05-22T18:17:55Z" finished-at="2016-05-22T18:17:56Z">
          <reporter-output>
          </reporter-output>
        </test-method> <!-- afterMethod -->
      </class> <!-- TestPage.TestPage -->
    </test> <!-- Default test -->
  </suite> <!-- Default suite -->
</testng-results>
